# JRE version: OpenJDK Runtime Environment Temurin-21.0.12.1+1 (21.0.12.1+1) (build 21.0.12.1+1-LTS)
# Java VM: OpenJDK 64-Bit Server VM Temurin-21.0.12.1+1 (21.0.12.1+1-LTS, mixed mode, sharing, tiered, compressed oops, compressed class ptrs, parallel gc, windows-amd64)
GC Precious Log:
 CardTable entry size: 512
 CPUs: 12 total, 12 available
 Memory: 5981M
 Large Page Support: Disabled
 NUMA Support: Disabled
 Compressed Oops: Enabled (32-bit)
 Alignments: Space 512K, Generation 512K, Heap 2M
 Heap Min Capacity: 100M
 Heap Initial Capacity: 100M
 Heap Max Capacity: 2G
 Pre-touch: Disabled
 Parallel Workers: 10
Heap:
 PSYoungGen      total 17408K, used 15868K [0x00000000d5580000, 0x00000000d6980000, 0x0000000100000000)
  eden space 16896K, 92% used [0x00000000d5580000,0x00000000d64c7030,0x00000000d6600000)
  from space 512K, 43% used [0x00000000d6900000,0x00000000d6938000,0x00000000d6980000)
  to   space 512K, 0% used [0x00000000d6880000,0x00000000d6880000,0x00000000d6900000)
 ParOldGen       total 68608K, used 37248K [0x0000000080000000, 0x0000000084300000, 0x00000000d5580000)
  object space 68608K, 54% used [0x0000000080000000,0x00000000824601f0,0x0000000084300000)
 Metaspace       used 52142K, committed 53312K, reserved 1114112K
  class space    used 5618K, committed 6208K, reserved 1048576K
GC Heap History (20 events):
Event: 166.039 GC heap before
{Heap before GC invocations=91 (full 2):
 PSYoungGen      total 17408K, used 17056K [0x00000000d5580000, 0x00000000d6980000, 0x0000000100000000)
  eden space 16896K, 100% used [0x00000000d5580000,0x00000000d6600000,0x00000000d6600000)
  from space 512K, 31% used [0x00000000d6900000,0x00000000d6928000,0x00000000d6980000)
  to   space 512K, 0% used [0x00000000d6880000,0x00000000d6880000,0x00000000d6900000)
 ParOldGen       total 68608K, used 36608K [0x0000000080000000, 0x0000000084300000, 0x00000000d5580000)
  object space 68608K, 53% used [0x0000000080000000,0x00000000823c01f0,0x0000000084300000)
 Metaspace       used 52114K, committed 53312K, reserved 1114112K
  class space    used 5618K, committed 6208K, reserved 1048576K
}
Event: 166.040 GC heap after
{Heap after GC invocations=91 (full 2):
 PSYoungGen      total 17408K, used 256K [0x00000000d5580000, 0x00000000d6980000, 0x0000000100000000)
  eden space 16896K, 0% used [0x00000000d5580000,0x00000000d5580000,0x00000000d6600000)
  from space 512K, 50% used [0x00000000d6880000,0x00000000d68c0000,0x00000000d6900000)
  to   space 512K, 0% used [0x00000000d6900000,0x00000000d6900000,0x00000000d6980000)
 ParOldGen       total 68608K, used 36632K [0x0000000080000000, 0x0000000084300000, 0x00000000d5580000)
  object space 68608K, 53% used [0x0000000080000000,0x00000000823c61f0,0x0000000084300000)
 Metaspace       used 52114K, committed 53312K, reserved 1114112K
  class space    used 5618K, committed 6208K, reserved 1048576K
}
Event: 168.559 GC heap before
{Heap before GC invocations=92 (full 2):
 PSYoungGen      total 17408K, used 17152K [0x00000000d5580000, 0x00000000d6980000, 0x0000000100000000)
  eden space 16896K, 100% used [0x00000000d5580000,0x00000000d6600000,0x00000000d6600000)
  from space 512K, 50% used [0x00000000d6880000,0x00000000d68c0000,0x00000000d6900000)
  to   space 512K, 0% used [0x00000000d6900000,0x00000000d6900000,0x00000000d6980000)
 ParOldGen       total 68608K, used 36632K [0x0000000080000000, 0x0000000084300000, 0x00000000d5580000)
  object space 68608K, 53% used [0x0000000080000000,0x00000000823c61f0,0x0000000084300000)
 Metaspace       used 52116K, committed 53312K, reserved 1114112K
  class space    used 5618K, committed 6208K, reserved 1048576K
}
Event: 168.562 GC heap after
{Heap after GC invocations=92 (full 2):
 PSYoungGen      total 17408K, used 160K [0x00000000d5580000, 0x00000000d6980000, 0x0000000100000000)
  eden space 16896K, 0% used [0x00000000d5580000,0x00000000d5580000,0x00000000d6600000)
  from space 512K, 31% used [0x00000000d6900000,0x00000000d6928000,0x00000000d6980000)
  to   space 512K, 0% used [0x00000000d6880000,0x00000000d6880000,0x00000000d6900000)
 ParOldGen       total 68608K, used 36672K [0x0000000080000000, 0x0000000084300000, 0x00000000d5580000)
  object space 68608K, 53% used [0x0000000080000000,0x00000000823d01f0,0x0000000084300000)
 Metaspace       used 52116K, committed 53312K, reserved 1114112K
  class space    used 5618K, committed 6208K, reserved 1048576K
}
Event: 169.455 GC heap before
{Heap before GC invocations=93 (full 2):
 PSYoungGen      total 17408K, used 17056K [0x00000000d5580000, 0x00000000d6980000, 0x0000000100000000)
  eden space 16896K, 100% used [0x00000000d5580000,0x00000000d6600000,0x00000000d6600000)
  from space 512K, 31% used [0x00000000d6900000,0x00000000d6928000,0x00000000d6980000)
  to   space 512K, 0% used [0x00000000d6880000,0x00000000d6880000,0x00000000d6900000)
 ParOldGen       total 68608K, used 36672K [0x0000000080000000, 0x0000000084300000, 0x00000000d5580000)
  object space 68608K, 53% used [0x0000000080000000,0x00000000823d01f0,0x0000000084300000)
 Metaspace       used 52119K, committed 53312K, reserved 1114112K
  class space    used 5618K, committed 6208K, reserved 1048576K
}
Event: 169.456 GC heap after
{Heap after GC invocations=93 (full 2):
 PSYoungGen      total 17408K, used 320K [0x00000000d5580000, 0x00000000d6980000, 0x0000000100000000)
  eden space 16896K, 0% used [0x00000000d5580000,0x00000000d5580000,0x00000000d6600000)
  from space 512K, 62% used [0x00000000d6880000,0x00000000d68d0000,0x00000000d6900000)
  to   space 512K, 0% used [0x00000000d6900000,0x00000000d6900000,0x00000000d6980000)
 ParOldGen       total 68608K, used 36736K [0x0000000080000000, 0x0000000084300000, 0x00000000d5580000)
  object space 68608K, 53% used [0x0000000080000000,0x00000000823e01f0,0x0000000084300000)
 Metaspace       used 52119K, committed 53312K, reserved 1114112K
  class space    used 5618K, committed 6208K, reserved 1048576K
}
Event: 170.252 GC heap before
{Heap before GC invocations=94 (full 2):
 PSYoungGen      total 17408K, used 17192K [0x00000000d5580000, 0x00000000d6980000, 0x0000000100000000)
  eden space 16896K, 99% used [0x00000000d5580000,0x00000000d65fa088,0x00000000d6600000)
  from space 512K, 62% used [0x00000000d6880000,0x00000000d68d0000,0x00000000d6900000)
  to   space 512K, 0% used [0x00000000d6900000,0x00000000d6900000,0x00000000d6980000)
 ParOldGen       total 68608K, used 36736K [0x0000000080000000, 0x0000000084300000, 0x00000000d5580000)
  object space 68608K, 53% used [0x0000000080000000,0x00000000823e01f0,0x0000000084300000)
 Metaspace       used 52119K, committed 53312K, reserved 1114112K
  class space    used 5618K, committed 6208K, reserved 1048576K
}
Event: 170.340 GC heap after
{Heap after GC invocations=94 (full 2):
 PSYoungGen      total 17408K, used 368K [0x00000000d5580000, 0x00000000d6980000, 0x0000000100000000)
  eden space 16896K, 0% used [0x00000000d5580000,0x00000000d5580000,0x00000000d6600000)
  from space 512K, 71% used [0x00000000d6900000,0x00000000d695c010,0x00000000d6980000)
  to   space 512K, 0% used [0x00000000d6880000,0x00000000d6880000,0x00000000d6900000)
 ParOldGen       total 68608K, used 36808K [0x0000000080000000, 0x0000000084300000, 0x00000000d5580000)
  object space 68608K, 53% used [0x0000000080000000,0x00000000823f21f0,0x0000000084300000)
 Metaspace       used 52119K, committed 53312K, reserved 1114112K
  class space    used 5618K, committed 6208K, reserved 1048576K
}
Event: 172.185 GC heap before
{Heap before GC invocations=95 (full 2):
 PSYoungGen      total 17408K, used 17264K [0x00000000d5580000, 0x00000000d6980000, 0x0000000100000000)
  eden space 16896K, 100% used [0x00000000d5580000,0x00000000d6600000,0x00000000d6600000)
  from space 512K, 71% used [0x00000000d6900000,0x00000000d695c010,0x00000000d6980000)
  to   space 512K, 0% used [0x00000000d6880000,0x00000000d6880000,0x00000000d6900000)
 ParOldGen       total 68608K, used 36808K [0x0000000080000000, 0x0000000084300000, 0x00000000d5580000)
  object space 68608K, 53% used [0x0000000080000000,0x00000000823f21f0,0x0000000084300000)
 Metaspace       used 52121K, committed 53312K, reserved 1114112K
  class space    used 5618K, committed 6208K, reserved 1048576K
}
Event: 172.186 GC heap after
{Heap after GC invocations=95 (full 2):
 PSYoungGen      total 17408K, used 224K [0x00000000d5580000, 0x00000000d6980000, 0x0000000100000000)
  eden space 16896K, 0% used [0x00000000d5580000,0x00000000d5580000,0x00000000d6600000)
  from space 512K, 43% used [0x00000000d6880000,0x00000000d68b8000,0x00000000d6900000)
  to   space 512K, 0% used [0x00000000d6900000,0x00000000d6900000,0x00000000d6980000)
 ParOldGen       total 68608K, used 36920K [0x0000000080000000, 0x0000000084300000, 0x00000000d5580000)
  object space 68608K, 53% used [0x0000000080000000,0x000000008240e1f0,0x0000000084300000)
 Metaspace       used 52121K, committed 53312K, reserved 1114112K
  class space    used 5618K, committed 6208K, reserved 1048576K
}
Event: 173.120 GC heap before
{Heap before GC invocations=96 (full 2):
 PSYoungGen      total 17408K, used 17120K [0x00000000d5580000, 0x00000000d6980000, 0x0000000100000000)
  eden space 16896K, 100% used [0x00000000d5580000,0x00000000d6600000,0x00000000d6600000)
  from space 512K, 43% used [0x00000000d6880000,0x00000000d68b8000,0x00000000d6900000)
  to   space 512K, 0% used [0x00000000d6900000,0x00000000d6900000,0x00000000d6980000)
 ParOldGen       total 68608K, used 36920K [0x0000000080000000, 0x0000000084300000, 0x00000000d5580000)
  object space 68608K, 53% used [0x0000000080000000,0x000000008240e1f0,0x0000000084300000)
 Metaspace       used 52122K, committed 53312K, reserved 1114112K
  class space    used 5618K, committed 6208K, reserved 1048576K
}
Event: 173.122 GC heap after
{Heap after GC invocations=96 (full 2):
 PSYoungGen      total 17408K, used 320K [0x00000000d5580000, 0x00000000d6980000, 0x0000000100000000)
  eden space 16896K, 0% used [0x00000000d5580000,0x00000000d5580000,0x00000000d6600000)
  from space 512K, 62% used [0x00000000d6900000,0x00000000d6950000,0x00000000d6980000)
  to   space 512K, 0% used [0x00000000d6880000,0x00000000d6880000,0x00000000d6900000)
 ParOldGen       total 68608K, used 36944K [0x0000000080000000, 0x0000000084300000, 0x00000000d5580000)
  object space 68608K, 53% used [0x0000000080000000,0x00000000824141f0,0x0000000084300000)
 Metaspace       used 52122K, committed 53312K, reserved 1114112K
  class space    used 5618K, committed 6208K, reserved 1048576K
}
Event: 174.143 GC heap before
{Heap before GC invocations=97 (full 2):
 PSYoungGen      total 17408K, used 17216K [0x00000000d5580000, 0x00000000d6980000, 0x0000000100000000)
  eden space 16896K, 100% used [0x00000000d5580000,0x00000000d6600000,0x00000000d6600000)
  from space 512K, 62% used [0x00000000d6900000,0x00000000d6950000,0x00000000d6980000)
  to   space 512K, 0% used [0x00000000d6880000,0x00000000d6880000,0x00000000d6900000)
 ParOldGen       total 68608K, used 36944K [0x0000000080000000, 0x0000000084300000, 0x00000000d5580000)
  object space 68608K, 53% used [0x0000000080000000,0x00000000824141f0,0x0000000084300000)
 Metaspace       used 52122K, committed 53312K, reserved 1114112K
  class space    used 5618K, committed 6208K, reserved 1048576K
}
Event: 174.145 GC heap after
{Heap after GC invocations=97 (full 2):
 PSYoungGen      total 17408K, used 256K [0x00000000d5580000, 0x00000000d6980000, 0x0000000100000000)
  eden space 16896K, 0% used [0x00000000d5580000,0x00000000d5580000,0x00000000d6600000)
  from space 512K, 50% used [0x00000000d6880000,0x00000000d68c0000,0x00000000d6900000)
  to   space 512K, 0% used [0x00000000d6900000,0x00000000d6900000,0x00000000d6980000)
 ParOldGen       total 68608K, used 37008K [0x0000000080000000, 0x0000000084300000, 0x00000000d5580000)
  object space 68608K, 53% used [0x0000000080000000,0x00000000824241f0,0x0000000084300000)
 Metaspace       used 52122K, committed 53312K, reserved 1114112K
  class space    used 5618K, committed 6208K, reserved 1048576K
}
Event: 175.218 GC heap before
{Heap before GC invocations=98 (full 2):
 PSYoungGen      total 17408K, used 17152K [0x00000000d5580000, 0x00000000d6980000, 0x0000000100000000)
  eden space 16896K, 100% used [0x00000000d5580000,0x00000000d6600000,0x00000000d6600000)
  from space 512K, 50% used [0x00000000d6880000,0x00000000d68c0000,0x00000000d6900000)
  to   space 512K, 0% used [0x00000000d6900000,0x00000000d6900000,0x00000000d6980000)
 ParOldGen       total 68608K, used 37008K [0x0000000080000000, 0x0000000084300000, 0x00000000d5580000)
  object space 68608K, 53% used [0x0000000080000000,0x00000000824241f0,0x0000000084300000)
 Metaspace       used 52122K, committed 53312K, reserved 1114112K
  class space    used 5618K, committed 6208K, reserved 1048576K
}
Event: 175.220 GC heap after
{Heap after GC invocations=98 (full 2):
 PSYoungGen      total 17408K, used 501K [0x00000000d5580000, 0x00000000d6980000, 0x0000000100000000)
  eden space 16896K, 0% used [0x00000000d5580000,0x00000000d5580000,0x00000000d6600000)
  from space 512K, 97% used [0x00000000d6900000,0x00000000d697d480,0x00000000d6980000)
  to   space 1024K, 0% used [0x00000000d6780000,0x00000000d6780000,0x00000000d6880000)
 ParOldGen       total 68608K, used 37088K [0x0000000080000000, 0x0000000084300000, 0x00000000d5580000)
  object space 68608K, 54% used [0x0000000080000000,0x00000000824381f0,0x0000000084300000)
 Metaspace       used 52122K, committed 53312K, reserved 1114112K
  class space    used 5618K, committed 6208K, reserved 1048576K
}
Event: 175.987 GC heap before
{Heap before GC invocations=99 (full 2):
 PSYoungGen      total 17408K, used 17397K [0x00000000d5580000, 0x00000000d6980000, 0x0000000100000000)
  eden space 16896K, 99% used [0x00000000d5580000,0x00000000d65fffc0,0x00000000d6600000)
  from space 512K, 97% used [0x00000000d6900000,0x00000000d697d480,0x00000000d6980000)
  to   space 1024K, 0% used [0x00000000d6780000,0x00000000d6780000,0x00000000d6880000)
 ParOldGen       total 68608K, used 37088K [0x0000000080000000, 0x0000000084300000, 0x00000000d5580000)
  object space 68608K, 54% used [0x0000000080000000,0x00000000824381f0,0x0000000084300000)
 Metaspace       used 52134K, committed 53312K, reserved 1114112K
  class space    used 5618K, committed 6208K, reserved 1048576K
}
Event: 175.989 GC heap after
{Heap after GC invocations=99 (full 2):
 PSYoungGen      total 17920K, used 288K [0x00000000d5580000, 0x00000000d6980000, 0x0000000100000000)
  eden space 16896K, 0% used [0x00000000d5580000,0x00000000d5580000,0x00000000d6600000)
  from space 1024K, 28% used [0x00000000d6780000,0x00000000d67c8000,0x00000000d6880000)
  to   space 512K, 0% used [0x00000000d6900000,0x00000000d6900000,0x00000000d6980000)
 ParOldGen       total 68608K, used 37216K [0x0000000080000000, 0x0000000084300000, 0x00000000d5580000)
  object space 68608K, 54% used [0x0000000080000000,0x00000000824581f0,0x0000000084300000)
 Metaspace       used 52134K, committed 53312K, reserved 1114112K
  class space    used 5618K, committed 6208K, reserved 1048576K
}
Event: 177.260 GC heap before
{Heap before GC invocations=100 (full 2):
 PSYoungGen      total 17920K, used 17183K [0x00000000d5580000, 0x00000000d6980000, 0x0000000100000000)
  eden space 16896K, 99% used [0x00000000d5580000,0x00000000d65ffff8,0x00000000d6600000)
  from space 1024K, 28% used [0x00000000d6780000,0x00000000d67c8000,0x00000000d6880000)
  to   space 512K, 0% used [0x00000000d6900000,0x00000000d6900000,0x00000000d6980000)
 ParOldGen       total 68608K, used 37216K [0x0000000080000000, 0x0000000084300000, 0x00000000d5580000)
  object space 68608K, 54% used [0x0000000080000000,0x00000000824581f0,0x0000000084300000)
 Metaspace       used 52140K, committed 53312K, reserved 1114112K
  class space    used 5618K, committed 6208K, reserved 1048576K
}
Event: 177.262 GC heap after
{Heap after GC invocations=100 (full 2):
 PSYoungGen      total 17408K, used 224K [0x00000000d5580000, 0x00000000d6980000, 0x0000000100000000)
  eden space 16896K, 0% used [0x00000000d5580000,0x00000000d5580000,0x00000000d6600000)
  from space 512K, 43% used [0x00000000d6900000,0x00000000d6938000,0x00000000d6980000)
  to   space 512K, 0% used [0x00000000d6880000,0x00000000d6880000,0x00000000d6900000)
 ParOldGen       total 68608K, used 37248K [0x0000000080000000, 0x0000000084300000, 0x00000000d5580000)
  object space 68608K, 54% used [0x0000000080000000,0x00000000824601f0,0x0000000084300000)
 Metaspace       used 52140K, committed 53312K, reserved 1114112K
  class space    used 5618K, committed 6208K, reserved 1048576K
}

